CAMBIOS

# On branch master
#
# Initial commit
#
# Changes to be committed:
#   (use "git rm --cached <file>..." to unstage)
#
#	new file:   .gitignore
#	new file:   conf1.d/siturin.conf
#	new file:   conf1.d/ws-alimentos.conf
#	new file:   conf1.d/ws-alojamiento.conf
#	new file:   conf1.d/ws-auth.conf
#	new file:   conf1.d/ws-base.conf
#	new file:   conf1.d/ws-catastro.conf
#	new file:   conf1.d/ws-consultor.conf
#	new file:   conf1.d/ws-dinardap.conf
#	new file:   conf1.d/ws-exporter.conf
#	new file:   conf1.d/ws-financiero.conf
#	new file:   conf1.d/ws-mailer.conf
#	new file:   conf2.d/siturin.conf
#	new file:   conf2.d/ws-alimentos.conf
#	new file:   conf2.d/ws-alojamiento.conf
#	new file:   conf2.d/ws-auth.conf
#	new file:   conf2.d/ws-base.conf
#	new file:   conf2.d/ws-catastro.conf
#	new file:   conf2.d/ws-consultor.conf
#	new file:   conf2.d/ws-dinardap.conf
#	new file:   conf2.d/ws-exporter.conf
#	new file:   conf2.d/ws-financiero.conf
#	new file:   conf2.d/ws-mailer.conf
#	new file:   conf_load_balancer.d/balancer.conf
#	new file:   docker-compose.yml
#	new file:   public_html/frontend/1.e3bb6218ecb944be667b.js
#	new file:   public_html/frontend/100.c6f1a7333e45e25b7fb9.js
#	new file:   public_html/frontend/12.f9cfe1f6a32b271eae7e.js
#	new file:   public_html/frontend/13.366c9064f68a2eb64807.js
#	new file:   public_html/frontend/14.24875d465838a27f5ba2.js
#	new file:   public_html/frontend/15.fe7f6f8c9baa5d3cb905.js
#	new file:   public_html/frontend/16.c625027297dd5a9a3d83.js
#	new file:   public_html/frontend/17.c16bfc85a23db078707a.js
#	new file:   public_html/frontend/18.8d01aecb11dc92c86c33.js
#	new file:   public_html/frontend/19.62e42fb10c9f7b0d3f86.js
#	new file:   public_html/frontend/2.4633aee301579c7fb962.js
#	new file:   public_html/frontend/20.d7b3dabba29fbbf7e378.js
#	new file:   public_html/frontend/21.0344529272d76e271d26.js
#	new file:   public_html/frontend/22.3de68ca8119807177545.js
#	new file:   public_html/frontend/23.3cdfb9473061fe429690.js
#	new file:   public_html/frontend/24.01df89bb60bc41891386.js
#	new file:   public_html/frontend/25.e746f07f17db4f83dfcf.js
#	new file:   public_html/frontend/26.964093d39442f61284a1.js
#	new file:   public_html/frontend/27.4d9c0fc6ee9778fe97d5.js
#	new file:   public_html/frontend/28.5fc1cda7c0dd15c8f822.js
#	new file:   public_html/frontend/29.5f7124b0e617a6cc66f3.js
#	new file:   public_html/frontend/3.c33bc9262ac6b2fee8bf.js
#	new file:   public_html/frontend/30.f57a1893eaddee177c42.js
#	new file:   public_html/frontend/31.bee2ceb23850b1952ed3.js
#	new file:   public_html/frontend/32.ba754f9db411e613799b.js
#	new file:   public_html/frontend/33.f81757b1d09abafa419a.js
#	new file:   public_html/frontend/34.2121555efca86db29c1e.js
#	new file:   public_html/frontend/35.f3f5ac3da0d6f3890f15.js
#	new file:   public_html/frontend/36.a56266271f88186d2db2.js
#	new file:   public_html/frontend/37.6a15d12dc2ea2c59c372.js
#	new file:   public_html/frontend/38.7fd8e6ef8912b12e31cf.js
#	new file:   public_html/frontend/39.e015cbbac5ff7aaab768.js
#	new file:   public_html/frontend/3rdpartylicenses.txt
#	new file:   public_html/frontend/4.f07ed5cfa800dcc62c57.js
#	new file:   public_html/frontend/40.4e4c84bc6f1b1912e33f.js
#	new file:   public_html/frontend/41.16ebcbbd97f077656166.js
#	new file:   public_html/frontend/42.51d94a5f8e0cb3a7e2f6.js
#	new file:   public_html/frontend/43.fee304382dcdc3d4d48a.js
#	new file:   public_html/frontend/44.06c0a070c0fe41774d38.js
#	new file:   public_html/frontend/45.6075b42ec9049b2c3a65.js
#	new file:   public_html/frontend/46.ef27394446a14c793d74.js
#	new file:   public_html/frontend/47.4685e2504e632c6b6780.js
#	new file:   public_html/frontend/48.847562b00aee8c1db1f8.js
#	new file:   public_html/frontend/49.97225e378b158a292de5.js
#	new file:   public_html/frontend/5.59d5139ee444444eee7b.js
#	new file:   public_html/frontend/50.fdbd7b5a2d17af7c2c57.js
#	new file:   public_html/frontend/51.6da1da700a453f53eb4f.js
#	new file:   public_html/frontend/52.e4625356939aa84b1f7c.js
#	new file:   public_html/frontend/53.cdc93ad357e5d57e6eee.js
#	new file:   public_html/frontend/54.8a124350563714132888.js
#	new file:   public_html/frontend/55.05b1c22bc1c88871fb96.js
#	new file:   public_html/frontend/56.54f5018b791091a8946b.js
#	new file:   public_html/frontend/57.f04ed5582b5e619b1860.js
#	new file:   public_html/frontend/58.b5d31fcc6586a718de7f.js
#	new file:   public_html/frontend/59.a25c05c14ccc0a2fc5d0.js
#	new file:   public_html/frontend/6.e2500f4542f4b6be9801.js
#	new file:   public_html/frontend/60.a8800b40ed88a486845b.js
#	new file:   public_html/frontend/61.f1ebdfd591cda94ac031.js
#	new file:   public_html/frontend/62.799caf2b07992e5f7004.js
#	new file:   public_html/frontend/63.e78172f11be42cc6a044.js
#	new file:   public_html/frontend/64.680d2c3afdb5af334d14.js
#	new file:   public_html/frontend/65.1fcbc91b5e45a7c87e8f.js
#	new file:   public_html/frontend/66.428463693ab8663317a3.js
#	new file:   public_html/frontend/67.0bfca6997a615a03259e.js
#	new file:   public_html/frontend/68.172dde94309f0ced5050.js
#	new file:   public_html/frontend/69.16cc52d71ca3e35cfaae.js
#	new file:   public_html/frontend/7.a07cf1a737b3b1110306.js
#	new file:   public_html/frontend/70.9f9cd0af01b578dd8cd6.js
#	new file:   public_html/frontend/71.71908ded459b48b57e84.js
#	new file:   public_html/frontend/72.6f352ea41512664e3bec.js
#	new file:   public_html/frontend/73.84a18bb4f776a76de5b3.js
#	new file:   public_html/frontend/74.1ef57a7d3c63e1d07f8a.js
#	new file:   public_html/frontend/75.b3d8bb75d3efaa2d51d1.js
#	new file:   public_html/frontend/76.1f181c211438a673403c.js
#	new file:   public_html/frontend/77.2c5610c82616cddabc16.js
#	new file:   public_html/frontend/78.6872f31cf974a14d79bf.js
#	new file:   public_html/frontend/79.4c5e526e7eedc380b601.js
#	new file:   public_html/frontend/80.b29822a0c230bff56a95.js
#	new file:   public_html/frontend/81.c8265f522a4ace346462.js
#	new file:   public_html/frontend/82.649c3b3c1d57731d47a2.js
#	new file:   public_html/frontend/83.a05924964c62ae23b6ea.js
#	new file:   public_html/frontend/84.84b25cf5c26f08202422.js
#	new file:   public_html/frontend/85.f9076f21ded282c0a14b.js
#	new file:   public_html/frontend/86.33c0474982cf2237425b.js
#	new file:   public_html/frontend/87.9f14c3efcc867ee4e8f4.js
#	new file:   public_html/frontend/88.d2bc8761c3022ad70563.js
#	new file:   public_html/frontend/89.4cb4b85b49d672a966e6.js
#	new file:   public_html/frontend/90.d25cb594998c72ed5b09.js
#	new file:   public_html/frontend/91.e86dc7c32ad7a9adf579.js
#	new file:   public_html/frontend/92.ae809fc96b2e6434f1a7.js
#	new file:   public_html/frontend/93.04c364f701c2686f711d.js
#	new file:   public_html/frontend/94.2ef989e93894e4617524.js
#	new file:   public_html/frontend/95.7f83f545da599db67b7b.js
#	new file:   public_html/frontend/96.e77ddeeb25d3c912c605.js
#	new file:   public_html/frontend/97.64a19a29b386af944ce9.js
#	new file:   public_html/frontend/98.a429b6337e7020d60d41.js
#	new file:   public_html/frontend/99.6c1c260f8a0c58ff6b0d.js
#	new file:   public_html/frontend/assets/documents/docgeninsp.pdf
#	new file:   public_html/frontend/assets/documents/manual.pdf
#	new file:   public_html/frontend/assets/images/MINTURblanco.png
#	new file:   public_html/frontend/assets/images/MINTURcolor.png
#	new file:   public_html/frontend/assets/images/SITURINblanco.png
#	new file:   public_html/frontend/assets/images/SITURINcolor.png
#	new file:   public_html/frontend/assets/images/accounts.png
#	new file:   public_html/frontend/assets/images/background_login.jpg
#	new file:   public_html/frontend/assets/images/ecuador-love-life.png
#	new file:   public_html/frontend/assets/images/logo-sistema.png
#	new file:   public_html/frontend/assets/images/logo.png
#	new file:   public_html/frontend/assets/videos/ECUADOR_TRAVEL(youtube.com).mp4
#	new file:   public_html/frontend/assets/videos/video_tutorial.mp4
#	new file:   public_html/frontend/background_login.a3cf77bdce2464c08660.jpg
#	new file:   public_html/frontend/common.9881659045570048c7d9.js
#	new file:   public_html/frontend/fa-brands-400.2ef8ba3410dcc71578a8.woff
#	new file:   public_html/frontend/fa-brands-400.5bf145531213545e03ff.svg
#	new file:   public_html/frontend/fa-brands-400.5e2f92123d241cabecf0.woff2
#	new file:   public_html/frontend/fa-brands-400.98b6db59be947f563350.ttf
#	new file:   public_html/frontend/fa-brands-400.a7b95dbdd87e0c809570.eot
#	new file:   public_html/frontend/fa-regular-400.427d721b86fc9c68b2e8.woff
#	new file:   public_html/frontend/fa-regular-400.5eb754ab7dbd2fee5623.svg
#	new file:   public_html/frontend/fa-regular-400.65b9977aa23185e8964b.ttf
#	new file:   public_html/frontend/fa-regular-400.dcce4b7fbd5e895561e1.eot
#	new file:   public_html/frontend/fa-regular-400.e6257a726a0cf6ec8c6f.woff2
#	new file:   public_html/frontend/fa-solid-900.418dad87601f9c8abd0e.woff2
#	new file:   public_html/frontend/fa-solid-900.46e7cec623d8bd790d9f.eot
#	new file:   public_html/frontend/fa-solid-900.49279363201ed19a8407.svg
#	new file:   public_html/frontend/fa-solid-900.a7140145ebaaf5fb14e4.woff
#	new file:   public_html/frontend/fa-solid-900.ff8d9f8adb0d09f11d48.ttf
#	new file:   public_html/frontend/favicon.ico
#	new file:   public_html/frontend/index.html
#	new file:   public_html/frontend/main.8194b4bcdc3bdfac4f6d.js
#	new file:   public_html/frontend/polyfills.7bd91bd6f0d798a5a547.js
#	new file:   public_html/frontend/runtime.d9edf5a9fd5acd3cf8b7.js
#	new file:   public_html/frontend/styles.5c6d700f0c41cc24bbe4.css
#	new file:   public_html/install.h
#	new file:   public_html/server-alimentos-bebidas/.env
#	new file:   public_html/server-alimentos-bebidas/.gitignore
#	new file:   public_html/server-alimentos-bebidas/app/Console/Commands/.gitkeep
#	new file:   public_html/server-alimentos-bebidas/app/Console/Kernel.php
#	new file:   public_html/server-alimentos-bebidas/app/Events/Event.php
#	new file:   public_html/server-alimentos-bebidas/app/Events/ExampleEvent.php
#	new file:   public_html/server-alimentos-bebidas/app/Exceptions/Handler.php
#	new file:   public_html/server-alimentos-bebidas/app/Http/Controllers/AuthController.php
#	new file:   public_html/server-alimentos-bebidas/app/Http/Controllers/CRUD/ApprovalController.php
#	new file:   public_html/server-alimentos-bebidas/app/Http/Controllers/CRUD/ApprovalStateAttachmentController.php
#	new file:   public_html/server-alimentos-bebidas/app/Http/Controllers/CRUD/ApprovalStateController.php
#	new file:   public_html/server-alimentos-bebidas/app/Http/Controllers/CRUD/ApprovalStateReportController.php
#	new file:   public_html/server-alimentos-bebidas/app/Http/Controllers/CRUD/AuthorizationAttachmentController.php
#	new file:   public_html/server-alimentos-bebidas/app/Http/Controllers/CRUD/CapacityController.php
#	new file:   public_html/server-alimentos-bebidas/app/Http/Controllers/CRUD/CapacityPictureController.php
#	new file:   public_html/server-alimentos-bebidas/app/Http/Controllers/CRUD/CapacityTypeController.php
#	new file:   public_html/server-alimentos-bebidas/app/Http/Controllers/CRUD/GroupController.php
#	new file:   public_html/server-alimentos-bebidas/app/Http/Controllers/CRUD/GroupTypeController.php
#	new file:   public_html/server-alimentos-bebidas/app/Http/Controllers/CRUD/ProcedureController.php
#	new file:   public_html/server-alimentos-bebidas/app/Http/Controllers/CRUD/ProcedureJustificationController.php
#	new file:   public_html/server-alimentos-bebidas/app/Http/Controllers/CRUD/PropertyTitleAttachmentController.php
#	new file:   public_html/server-alimentos-bebidas/app/Http/Controllers/CRUD/RegisterController.php
#	new file:   public_html/server-alimentos-bebidas/app/Http/Controllers/CRUD/RegisterProcedureController.php
#	new file:   public_html/server-alimentos-bebidas/app/Http/Controllers/CRUD/RegisterRequisiteController.php
#	new file:   public_html/server-alimentos-bebidas/app/Http/Controllers/CRUD/RegisterStateController.php
#	new file:   public_html/server-alimentos-bebidas/app/Http/Controllers/CRUD/RegisterTypeController.php
#	new file:   public_html/server-alimentos-bebidas/app/Http/Controllers/CRUD/RequisiteController.php
#	new file:   public_html/server-alimentos-bebidas/app/Http/Controllers/CRUD/StateController.php
#	new file:   public_html/server-alimentos-bebidas/app/Http/Controllers/CRUD/TariffController.php
#	new file:   public_html/server-alimentos-bebidas/app/Http/Controllers/CRUD/TariffTypeController.php
#	new file:   public_html/server-alimentos-bebidas/app/Http/Controllers/CRUD/readme.txt
#	new file:   public_html/server-alimentos-bebidas/app/Http/Controllers/Controller.php
#	new file:   public_html/server-alimentos-bebidas/app/Http/Controllers/ExampleController.php
#	new file:   public_html/server-alimentos-bebidas/app/Http/Controllers/Negocio/readme.txt
#	new file:   public_html/server-alimentos-bebidas/app/Http/Controllers/profile/ProfilePictureController.php
#	new file:   public_html/server-alimentos-bebidas/app/Http/Controllers/profile/UserController.php
#	new file:   public_html/server-alimentos-bebidas/app/Http/Middleware/Authenticate.php
#	new file:   public_html/server-alimentos-bebidas/app/Http/Middleware/ExampleMiddleware.php
#	new file:   public_html/server-alimentos-bebidas/app/Jobs/ExampleJob.php
#	new file:   public_html/server-alimentos-bebidas/app/Jobs/Job.php
#	new file:   public_html/server-alimentos-bebidas/app/Listeners/ExampleListener.php
#	new file:   public_html/server-alimentos-bebidas/app/Models/Approval.php
#	new file:   public_html/server-alimentos-bebidas/app/Models/ApprovalState.php
#	new file:   public_html/server-alimentos-bebidas/app/Models/ApprovalStateAttachment.php
#	new file:   public_html/server-alimentos-bebidas/app/Models/ApprovalStateReport.php
#	new file:   public_html/server-alimentos-bebidas/app/Models/AuthorizationAttachment.php
#	new file:   public_html/server-alimentos-bebidas/app/Models/Capacity.php
#	new file:   public_html/server-alimentos-bebidas/app/Models/CapacityPicture.php
#	new file:   public_html/server-alimentos-bebidas/app/Models/CapacityType.php
#	new file:   public_html/server-alimentos-bebidas/app/Models/Group.php
#	new file:   public_html/server-alimentos-bebidas/app/Models/GroupType.php
#	new file:   public_html/server-alimentos-bebidas/app/Models/Procedure.php
#	new file:   public_html/server-alimentos-bebidas/app/Models/ProcedureJustification.php
#	new file:   public_html/server-alimentos-bebidas/app/Models/PropertyTitleAttachment.php
#	new file:   public_html/server-alimentos-bebidas/app/Models/Register.php
#	new file:   public_html/server-alimentos-bebidas/app/Models/RegisterProcedure.php
#	new file:   public_html/server-alimentos-bebidas/app/Models/RegisterRequisite.php
#	new file:   public_html/server-alimentos-bebidas/app/Models/RegisterState.php
#	new file:   public_html/server-alimentos-bebidas/app/Models/RegisterType.php
#	new file:   public_html/server-alimentos-bebidas/app/Models/Requisite.php
#	new file:   public_html/server-alimentos-bebidas/app/Models/State.php
#	new file:   public_html/server-alimentos-bebidas/app/Models/Tariff.php
#	new file:   public_html/server-alimentos-bebidas/app/Models/TariffType.php
#	new file:   public_html/server-alimentos-bebidas/app/Models/profile/Profilepicture.php
#	new file:   public_html/server-alimentos-bebidas/app/Models/profile/User.php
#	new file:   public_html/server-alimentos-bebidas/app/Models/readme.txt
#	new file:   public_html/server-alimentos-bebidas/app/Providers/AppServiceProvider.php
#	new file:   public_html/server-alimentos-bebidas/app/Providers/AuthServiceProvider.php
#	new file:   public_html/server-alimentos-bebidas/app/Providers/EventServiceProvider.php
#	new file:   public_html/server-alimentos-bebidas/artisan
#	new file:   public_html/server-alimentos-bebidas/bootstrap/app.php
#	new file:   public_html/server-alimentos-bebidas/composer.json
#	new file:   public_html/server-alimentos-bebidas/composer.lock
#	new file:   public_html/server-alimentos-bebidas/config/mail.php
#	new file:   public_html/server-alimentos-bebidas/database/factories/ModelFactory.php
#	new file:   public_html/server-alimentos-bebidas/database/migrations/.gitkeep
#	new file:   public_html/server-alimentos-bebidas/database/migrations/2019_01_01_0_create_users_table.php
#	new file:   public_html/server-alimentos-bebidas/database/migrations/2019_01_01_1_create_profilepictures_table.php
#	new file:   public_html/server-alimentos-bebidas/database/migrations/2019_10_09_0_create_approvals_table.php
#	new file:   public_html/server-alimentos-bebidas/database/migrations/2019_10_09_0_create_group_types_table.php
#	new file:   public_html/server-alimentos-bebidas/database/migrations/2019_10_09_0_create_groups_table.php
#	new file:   public_html/server-alimentos-bebidas/database/migrations/2019_10_09_0_create_procedures_table.php
#	new file:   public_html/server-alimentos-bebidas/database/migrations/2019_10_09_0_create_register_types_table.php
#	new file:   public_html/server-alimentos-bebidas/database/migrations/2019_10_09_0_create_registers_table.php
#	new file:   public_html/server-alimentos-bebidas/database/migrations/2019_10_09_0_create_states_table.php
#	new file:   public_html/server-alimentos-bebidas/database/migrations/2019_10_09_0_create_tariff_types_table.php
#	new file:   public_html/server-alimentos-bebidas/database/migrations/2019_10_09_1_create_approval_states_table.php
#	new file:   public_html/server-alimentos-bebidas/database/migrations/2019_10_09_1_create_capacity_types_table.php
#	new file:   public_html/server-alimentos-bebidas/database/migrations/2019_10_09_1_create_procedure_justifications_table.php
#	new file:   public_html/server-alimentos-bebidas/database/migrations/2019_10_09_1_create_requisites_table.php
#	new file:   public_html/server-alimentos-bebidas/database/migrations/2019_10_09_2_create_approval_state_attachments_table.php
#	new file:   public_html/server-alimentos-bebidas/database/migrations/2019_10_09_2_create_approval_state_reports_table.php
#	new file:   public_html/server-alimentos-bebidas/database/migrations/2019_10_09_2_create_authorization_attachments_table.php
#	new file:   public_html/server-alimentos-bebidas/database/migrations/2019_10_09_2_create_capacities_table.php
#	new file:   public_html/server-alimentos-bebidas/database/migrations/2019_10_09_2_create_property_title_attachments_table.php
#	new file:   public_html/server-alimentos-bebidas/database/migrations/2019_10_09_2_create_register_procedures_table.php
#	new file:   public_html/server-alimentos-bebidas/database/migrations/2019_10_09_2_create_register_requisites_table.php
#	new file:   public_html/server-alimentos-bebidas/database/migrations/2019_10_09_2_create_register_states_table.php
#	new file:   public_html/server-alimentos-bebidas/database/migrations/2019_10_09_2_create_tariffs_table.php
#	new file:   public_html/server-alimentos-bebidas/database/migrations/2019_10_09_3_create_capacity_pictures_table.php
#	new file:   public_html/server-alimentos-bebidas/database/migrations/2019_10_09_999_create_register_capacity_table.php
#	new file:   public_html/server-alimentos-bebidas/database/seeds/DatabaseSeeder.php
#	new file:   public_html/server-alimentos-bebidas/phpunit.xml
#	new file:   public_html/server-alimentos-bebidas/public/.htaccess
#	new file:   public_html/server-alimentos-bebidas/public/index.php
#	new file:   public_html/server-alimentos-bebidas/readme.md
#	new file:   public_html/server-alimentos-bebidas/resources/views/.gitkeep
#	new file:   public_html/server-alimentos-bebidas/resources/views/mail.blade.php
#	new file:   public_html/server-alimentos-bebidas/routes/web.php
#	new file:   public_html/server-alimentos-bebidas/storage/app/.gitignore
#	new file:   public_html/server-alimentos-bebidas/storage/framework/cache/.gitignore
#	new file:   public_html/server-alimentos-bebidas/storage/framework/views/.gitignore
#	new file:   public_html/server-alimentos-bebidas/storage/logs/.gitignore
#	new file:   public_html/server-alimentos-bebidas/tests/ExampleTest.php
#	new file:   public_html/server-alimentos-bebidas/tests/TestCase.php
#	new file:   public_html/server-alojamiento/.env
#	new file:   public_html/server-alojamiento/.gitignore
#	new file:   public_html/server-alojamiento/app/Console/Commands/.gitkeep
#	new file:   public_html/server-alojamiento/app/Console/Kernel.php
#	new file:   public_html/server-alojamiento/app/Events/Event.php
#	new file:   public_html/server-alojamiento/app/Events/ExampleEvent.php
#	new file:   public_html/server-alojamiento/app/Exceptions/Handler.php
#	new file:   public_html/server-alojamiento/app/Http/Controllers/CRUD/ApprovalController.php
#	new file:   public_html/server-alojamiento/app/Http/Controllers/CRUD/ApprovalStateAttachmentController.php
#	new file:   public_html/server-alojamiento/app/Http/Controllers/CRUD/ApprovalStateController.php
#	new file:   public_html/server-alojamiento/app/Http/Controllers/CRUD/ApprovalStateReportController.php
#	new file:   public_html/server-alojamiento/app/Http/Controllers/CRUD/AuthorizationAttachmentController.php
#	new file:   public_html/server-alojamiento/app/Http/Controllers/CRUD/BedController.php
#	new file:   public_html/server-alojamiento/app/Http/Controllers/CRUD/BedTypeController.php
#	new file:   public_html/server-alojamiento/app/Http/Controllers/CRUD/CapacityController.php
#	new file:   public_html/server-alojamiento/app/Http/Controllers/CRUD/CapacityPictureController.php
#	new file:   public_html/server-alojamiento/app/Http/Controllers/CRUD/CapacityTypeController.php
#	new file:   public_html/server-alojamiento/app/Http/Controllers/CRUD/ComplementaryServiceFoodController.php
#	new file:   public_html/server-alojamiento/app/Http/Controllers/CRUD/ComplementaryServiceFoodTypeController.php
#	new file:   public_html/server-alojamiento/app/Http/Controllers/CRUD/ComplementaryServiceTypeController.php
#	new file:   public_html/server-alojamiento/app/Http/Controllers/CRUD/LogController.php
#	new file:   public_html/server-alojamiento/app/Http/Controllers/CRUD/ProcedureController.php
#	new file:   public_html/server-alojamiento/app/Http/Controllers/CRUD/ProcedureJustificationController.php
#	new file:   public_html/server-alojamiento/app/Http/Controllers/CRUD/PropertyTitleAttachmentController.php
#	new file:   public_html/server-alojamiento/app/Http/Controllers/CRUD/ReceptionRoomController.php
#	new file:   public_html/server-alojamiento/app/Http/Controllers/CRUD/RegisterController.php
#	new file:   public_html/server-alojamiento/app/Http/Controllers/CRUD/RegisterProcedureController.php
#	new file:   public_html/server-alojamiento/app/Http/Controllers/CRUD/RegisterRequisiteController.php
#	new file:   public_html/server-alojamiento/app/Http/Controllers/CRUD/RegisterStateController.php
#	new file:   public_html/server-alojamiento/app/Http/Controllers/CRUD/RegisterTypeController.php
#	new file:   public_html/server-alojamiento/app/Http/Controllers/CRUD/RequisiteController.php
#	new file:   public_html/server-alojamiento/app/Http/Controllers/CRUD/StateController.php
#	new file:   public_html/server-alojamiento/app/Http/Controllers/CRUD/TariffController.php
#	new file:   public_html/server-alojamiento/app/Http/Controllers/CRUD/TariffTypeController.php
#	new file:   public_html/server-alojamiento/app/Http/Controllers/CRUD/readme.txt
#	new file:   public_html/server-alojamiento/app/Http/Controllers/Controller.php
#	new file:   public_html/server-alojamiento/app/Http/Controllers/ExampleController.php
#	new file:   public_html/server-alojamiento/app/Http/Controllers/Negocio/readme.txt
#	new file:   public_html/server-alojamiento/app/Http/Middleware/Authenticate.php
#	new file:   public_html/server-alojamiento/app/Http/Middleware/ExampleMiddleware.php
#	new file:   public_html/server-alojamiento/app/Jobs/ExampleJob.php
#	new file:   public_html/server-alojamiento/app/Jobs/Job.php
#	new file:   public_html/server-alojamiento/app/Listeners/ExampleListener.php
#	new file:   public_html/server-alojamiento/app/Models/Approval.php
#	new file:   public_html/server-alojamiento/app/Models/ApprovalState.php
#	new file:   public_html/server-alojamiento/app/Models/ApprovalStateAttachment.php
#	new file:   public_html/server-alojamiento/app/Models/ApprovalStateReport.php
#	new file:   public_html/server-alojamiento/app/Models/AuthorizationAttachment.php
#	new file:   public_html/server-alojamiento/app/Models/Bed.php
#	new file:   public_html/server-alojamiento/app/Models/BedType.php
#	new file:   public_html/server-alojamiento/app/Models/Capacity.php
#	new file:   public_html/server-alojamiento/app/Models/CapacityPicture.php
#	new file:   public_html/server-alojamiento/app/Models/CapacityType.php
#	new file:   public_html/server-alojamiento/app/Models/ComplementaryServiceFood.php
#	new file:   public_html/server-alojamiento/app/Models/ComplementaryServiceFoodType.php
#	new file:   public_html/server-alojamiento/app/Models/ComplementaryServiceType.php
#	new file:   public_html/server-alojamiento/app/Models/Log.php
#	new file:   public_html/server-alojamiento/app/Models/Procedure.php
#	new file:   public_html/server-alojamiento/app/Models/ProcedureJustification.php
#	new file:   public_html/server-alojamiento/app/Models/PropertyTitleAttachment.php
#	new file:   public_html/server-alojamiento/app/Models/ReceptionRoom.php
#	new file:   public_html/server-alojamiento/app/Models/Register.php
#	new file:   public_html/server-alojamiento/app/Models/RegisterProcedure.php
#	new file:   public_html/server-alojamiento/app/Models/RegisterRequisite.php
#	new file:   public_html/server-alojamiento/app/Models/RegisterState.php
#	new file:   public_html/server-alojamiento/app/Models/RegisterType.php
#	new file:   public_html/server-alojamiento/app/Models/Requisite.php
#	new file:   public_html/server-alojamiento/app/Models/State.php
#	new file:   public_html/server-alojamiento/app/Models/Tariff.php
#	new file:   public_html/server-alojamiento/app/Models/TariffType.php
#	new file:   public_html/server-alojamiento/app/Models/readme.txt
#	new file:   public_html/server-alojamiento/app/Providers/AppServiceProvider.php
#	new file:   public_html/server-alojamiento/app/Providers/AuthServiceProvider.php
#	new file:   public_html/server-alojamiento/app/Providers/EventServiceProvider.php
#	new file:   public_html/server-alojamiento/artisan
#	new file:   public_html/server-alojamiento/bootstrap/app.php
#	new file:   public_html/server-alojamiento/composer.json
#	new file:   public_html/server-alojamiento/composer.lock
#	new file:   public_html/server-alojamiento/config/mail.php
#	new file:   public_html/server-alojamiento/database/factories/ModelFactory.php
#	new file:   public_html/server-alojamiento/database/migrations/.gitkeep
#	new file:   public_html/server-alojamiento/database/migrations/2019_01_01_1_create_logs_table.php
#	new file:   public_html/server-alojamiento/database/migrations/2019_03_29_0_create_complementary_service_food_types_table.php
#	new file:   public_html/server-alojamiento/database/migrations/2019_03_29_0_create_complementary_service_types_table.php
#	new file:   public_html/server-alojamiento/database/migrations/2019_03_29_0_create_procedures_table.php
#	new file:   public_html/server-alojamiento/database/migrations/2019_03_29_0_create_register_types_table.php
#	new file:   public_html/server-alojamiento/database/migrations/2019_03_29_0_create_states_table.php
#	new file:   public_html/server-alojamiento/database/migrations/2019_03_29_0_create_tariff_types_table.php
#	new file:   public_html/server-alojamiento/database/migrations/2019_03_29_1_create_bed_types_table.php
#	new file:   public_html/server-alojamiento/database/migrations/2019_03_29_1_create_beds_table.php
#	new file:   public_html/server-alojamiento/database/migrations/2019_03_29_1_create_capacity_types_table.php
#	new file:   public_html/server-alojamiento/database/migrations/2019_03_29_1_create_complementary_service_foods_table.php
#	new file:   public_html/server-alojamiento/database/migrations/2019_03_29_1_create_procedure_justifications_table.php
#	new file:   public_html/server-alojamiento/database/migrations/2019_03_29_1_create_registers_table.php
#	new file:   public_html/server-alojamiento/database/migrations/2019_03_29_1_create_requisites_table.php
#	new file:   public_html/server-alojamiento/database/migrations/2019_03_29_1_create_tariffs_table.php
#	new file:   public_html/server-alojamiento/database/migrations/2019_03_29_2_create_capacities_table.php
#	new file:   public_html/server-alojamiento/database/migrations/2019_03_29_2_create_capacity_pictures_table.php
#	new file:   public_html/server-alojamiento/database/migrations/2019_03_29_2_create_reception_rooms_table.php
#	new file:   public_html/server-alojamiento/database/migrations/2019_03_29_2_create_register_procedures_table.php
#	new file:   public_html/server-alojamiento/database/migrations/2019_03_29_2_create_register_requisites_table.php
#	new file:   public_html/server-alojamiento/database/migrations/2019_03_29_3_create_approvals_table.php
#	new file:   public_html/server-alojamiento/database/migrations/2019_03_29_3_create_authorization_attachments_table.php
#	new file:   public_html/server-alojamiento/database/migrations/2019_03_29_3_create_property_title_attachments_table.php
#	new file:   public_html/server-alojamiento/database/migrations/2019_03_29_3_create_register_states_table.php
#	new file:   public_html/server-alojamiento/database/migrations/2019_03_29_4_create_approval_states_table.php
#	new file:   public_html/server-alojamiento/database/migrations/2019_03_29_5_create_approval_state_attachments_table.php
#	new file:   public_html/server-alojamiento/database/migrations/2019_03_29_5_create_approval_state_reports_table.php
#	new file:   public_html/server-alojamiento/database/migrations/2019_03_29_999_create_bed_capacity_table.php
#	new file:   public_html/server-alojamiento/database/migrations/2019_03_29_999_create_capacity_register_table.php
#	new file:   public_html/server-alojamiento/database/migrations/2019_03_29_999_create_capacity_tariff_table.php
#	new file:   public_html/server-alojamiento/database/migrations/2019_03_29_999_create_complementary_service_food_register_table.php
#	new file:   public_html/server-alojamiento/database/migrations/2019_03_29_999_create_complementary_service_type_register_table.php
#	new file:   public_html/server-alojamiento/database/seeds/DatabaseSeeder.php
#	new file:   public_html/server-alojamiento/phpunit.xml
#	new file:   public_html/server-alojamiento/public/.htaccess
#	new file:   public_html/server-alojamiento/public/index.php
#	new file:   public_html/server-alojamiento/readme.md
#	new file:   public_html/server-alojamiento/resources/views/.gitkeep
#	new file:   public_html/server-alojamiento/resources/views/mail.blade.php
#	new file:   public_html/server-alojamiento/routes/web.php
#	new file:   public_html/server-alojamiento/storage/app/.gitignore
#	new file:   public_html/server-alojamiento/storage/framework/cache/.gitignore
#	new file:   public_html/server-alojamiento/storage/framework/views/.gitignore
#	new file:   public_html/server-alojamiento/storage/logs/.gitignore
#	new file:   public_html/server-alojamiento/tests/ExampleTest.php
#	new file:   public_html/server-alojamiento/tests/TestCase.php
#	new file:   public_html/server-auth/.env
#	new file:   public_html/server-auth/.gitignore
#	new file:   public_html/server-auth/app/Console/Commands/.gitkeep
#	new file:   public_html/server-auth/app/Console/Kernel.php
#	new file:   public_html/server-auth/app/Events/Event.php
#	new file:   public_html/server-auth/app/Events/ExampleEvent.php
#	new file:   public_html/server-auth/app/Exceptions/Handler.php
#	new file:   public_html/server-auth/app/Http/Controllers/AuthController.php
#	new file:   public_html/server-auth/app/Http/Controllers/CRUD/AccountRolAssigmentController.php
#	new file:   public_html/server-auth/app/Http/Controllers/CRUD/AccountRolController.php
#	new file:   public_html/server-auth/app/Http/Controllers/CRUD/AuthLocationController.php
#	new file:   public_html/server-auth/app/Http/Controllers/CRUD/LogController.php
#	new file:   public_html/server-auth/app/Http/Controllers/CRUD/readme.txt
#	new file:   public_html/server-auth/app/Http/Controllers/Controller.php
#	new file:   public_html/server-auth/app/Http/Controllers/ExampleController.php
#	new file:   public_html/server-auth/app/Http/Controllers/Negocio/readme.txt
#	new file:   public_html/server-auth/app/Http/Controllers/profile/ProfilePictureController.php
#	new file:   public_html/server-auth/app/Http/Controllers/profile/UserController.php
#	new file:   public_html/server-auth/app/Http/Middleware/Authenticate.php
#	new file:   public_html/server-auth/app/Http/Middleware/ExampleMiddleware.php
#	new file:   public_html/server-auth/app/Jobs/ExampleJob.php
#	new file:   public_html/server-auth/app/Jobs/Job.php
#	new file:   public_html/server-auth/app/Listeners/ExampleListener.php
#	new file:   public_html/server-auth/app/Models/AccountRol.php
#	new file:   public_html/server-auth/app/Models/AccountRolAssigment.php
#	new file:   public_html/server-auth/app/Models/AuthLocation.php
#	new file:   public_html/server-auth/app/Models/Log.php
#	new file:   public_html/server-auth/app/Models/profile/Profilepicture.php
#	new file:   public_html/server-auth/app/Models/profile/User.php
#	new file:   public_html/server-auth/app/Models/readme.txt
#	new file:   public_html/server-auth/app/Providers/AppServiceProvider.php
#	new file:   public_html/server-auth/app/Providers/AuthServiceProvider.php
#	new file:   public_html/server-auth/app/Providers/EventServiceProvider.php
#	new file:   public_html/server-auth/artisan
#	new file:   public_html/server-auth/bootstrap/app.php
#	new file:   public_html/server-auth/composer.json
#	new file:   public_html/server-auth/composer.lock
#	new file:   public_html/server-auth/config/mail.php
#	new file:   public_html/server-auth/database/factories/ModelFactory.php
#	new file:   public_html/server-auth/database/migrations/.gitkeep
#	new file:   public_html/server-auth/database/migrations/2019_01_01_0_create_users_table.php
#	new file:   public_html/server-auth/database/migrations/2019_01_01_1_create_profilepictures_table.php
#	new file:   public_html/server-auth/database/migrations/2019_04_04_0_create_account_rols_table.php
#	new file:   public_html/server-auth/database/migrations/2019_04_04_1_create_account_rol_assigments_table.php
#	new file:   public_html/server-auth/database/migrations/2019_04_04_1_create_auth_locations_table.php
#	new file:   public_html/server-auth/database/migrations/2019_04_04_1_create_logs_table.php
#	new file:   public_html/server-auth/database/seeds/DatabaseSeeder.php
#	new file:   public_html/server-auth/phpunit.xml
#	new file:   public_html/server-auth/public/.htaccess
#	new file:   public_html/server-auth/public/index.php
#	new file:   public_html/server-auth/readme.md
#	new file:   public_html/server-auth/resources/views/.gitkeep
#	new file:   public_html/server-auth/resources/views/mail.blade.php
#	new file:   public_html/server-auth/routes/web.php
#	new file:   public_html/server-auth/storage/app/.gitignore
#	new file:   public_html/server-auth/storage/framework/cache/.gitignore
#	new file:   public_html/server-auth/storage/framework/views/.gitignore
#	new file:   public_html/server-auth/storage/logs/.gitignore
#	new file:   public_html/server-auth/tests/ExampleTest.php
#	new file:   public_html/server-auth/tests/TestCase.php
#	new file:   public_html/server-base/.env
#	new file:   public_html/server-base/.gitignore
#	new file:   public_html/server-base/app/Console/Commands/.gitkeep
#	new file:   public_html/server-base/app/Console/Kernel.php
#	new file:   public_html/server-base/app/Events/Event.php
#	new file:   public_html/server-base/app/Events/ExampleEvent.php
#	new file:   public_html/server-base/app/Exceptions/Handler.php
#	new file:   public_html/server-base/app/Http/Controllers/CRUD/AgreementController.php
#	new file:   public_html/server-base/app/Http/Controllers/CRUD/EstablishmentCertificationAttachmentController.php
#	new file:   public_html/server-base/app/Http/Controllers/CRUD/EstablishmentCertificationController.php
#	new file:   public_html/server-base/app/Http/Controllers/CRUD/EstablishmentCertificationTypeController.php
#	new file:   public_html/server-base/app/Http/Controllers/CRUD/EstablishmentController.php
#	new file:   public_html/server-base/app/Http/Controllers/CRUD/EstablishmentPictureController.php
#	new file:   public_html/server-base/app/Http/Controllers/CRUD/EstablishmentPropertyTypeController.php
#	new file:   public_html/server-base/app/Http/Controllers/CRUD/EstablishmentStateController.php
#	new file:   public_html/server-base/app/Http/Controllers/CRUD/FloorAuthorizationCertificateController.php
#	new file:   public_html/server-base/app/Http/Controllers/CRUD/GenderController.php
#	new file:   public_html/server-base/app/Http/Controllers/CRUD/GroupGivenController.php
#	new file:   public_html/server-base/app/Http/Controllers/CRUD/GroupTypeController.php
#	new file:   public_html/server-base/app/Http/Controllers/CRUD/LanguageController.php
#	new file:   public_html/server-base/app/Http/Controllers/CRUD/LogController.php
#	new file:   public_html/server-base/app/Http/Controllers/CRUD/PersonRepresentativeAttachmentController.php
#	new file:   public_html/server-base/app/Http/Controllers/CRUD/PersonRepresentativeController.php
#	new file:   public_html/server-base/app/Http/Controllers/CRUD/PreviewRegisterCodeController.php
#	new file:   public_html/server-base/app/Http/Controllers/CRUD/RucController.php
#	new file:   public_html/server-base/app/Http/Controllers/CRUD/RucNameTypeController.php
#	new file:   public_html/server-base/app/Http/Controllers/CRUD/StateController.php
#	new file:   public_html/server-base/app/Http/Controllers/CRUD/SystemNameController.php
#	new file:   public_html/server-base/app/Http/Controllers/CRUD/TaxPayerTypeController.php
#	new file:   public_html/server-base/app/Http/Controllers/CRUD/UbicationController.php
#	new file:   public_html/server-base/app/Http/Controllers/CRUD/WorkerController.php
#	new file:   public_html/server-base/app/Http/Controllers/CRUD/WorkerGroupController.php
#	new file:   public_html/server-base/app/Http/Controllers/CRUD/readme.txt
#	new file:   public_html/server-base/app/Http/Controllers/Controller.php
#	new file:   public_html/server-base/app/Http/Controllers/ExampleController.php
#	new file:   public_html/server-base/app/Http/Controllers/Negocio/ZonalDataController.php
#	new file:   public_html/server-base/app/Http/Controllers/Negocio/readme.txt
#	new file:   public_html/server-base/app/Http/Middleware/Authenticate.php
#	new file:   public_html/server-base/app/Http/Middleware/ExampleMiddleware.php
#	new file:   public_html/server-base/app/Jobs/ExampleJob.php
#	new file:   public_html/server-base/app/Jobs/Job.php
#	new file:   public_html/server-base/app/Listeners/ExampleListener.php
#	new file:   public_html/server-base/app/Models/Agreement.php
#	new file:   public_html/server-base/app/Models/Establishment.php
#	new file:   public_html/server-base/app/Models/EstablishmentCertification.php
#	new file:   public_html/server-base/app/Models/EstablishmentCertificationAttachment.php
#	new file:   public_html/server-base/app/Models/EstablishmentCertificationType.php
#	new file:   public_html/server-base/app/Models/EstablishmentPicture.php
#	new file:   public_html/server-base/app/Models/EstablishmentPropertyType.php
#	new file:   public_html/server-base/app/Models/EstablishmentState.php
#	new file:   public_html/server-base/app/Models/FloorAuthorizationCertificate.php
#	new file:   public_html/server-base/app/Models/Gender.php
#	new file:   public_html/server-base/app/Models/GroupGiven.php
#	new file:   public_html/server-base/app/Models/GroupType.php
#	new file:   public_html/server-base/app/Models/Language.php
#	new file:   public_html/server-base/app/Models/Log.php
#	new file:   public_html/server-base/app/Models/PersonRepresentative.php
#	new file:   public_html/server-base/app/Models/PersonRepresentativeAttachment.php
#	new file:   public_html/server-base/app/Models/PreviewRegisterCode.php
#	new file:   public_html/server-base/app/Models/Ruc.php
#	new file:   public_html/server-base/app/Models/RucNameType.php
#	new file:   public_html/server-base/app/Models/State.php
#	new file:   public_html/server-base/app/Models/SystemName.php
#	new file:   public_html/server-base/app/Models/TaxPayerType.php
#	new file:   public_html/server-base/app/Models/Ubication.php
#	new file:   public_html/server-base/app/Models/Worker.php
#	new file:   public_html/server-base/app/Models/WorkerGroup.php
#	new file:   public_html/server-base/app/Models/readme.txt
#	new file:   public_html/server-base/app/Providers/AppServiceProvider.php
#	new file:   public_html/server-base/app/Providers/AuthServiceProvider.php
#	new file:   public_html/server-base/app/Providers/EventServiceProvider.php
#	new file:   public_html/server-base/artisan
#	new file:   public_html/server-base/bootstrap/app.php
#	new file:   public_html/server-base/composer.json
#	new file:   public_html/server-base/composer.lock
#	new file:   public_html/server-base/config/mail.php
#	new file:   public_html/server-base/database/factories/ModelFactory.php
#	new file:   public_html/server-base/database/migrations/.gitkeep
#	new file:   public_html/server-base/database/migrations/2019_01_01_1_create_logs_table.php
#	new file:   public_html/server-base/database/migrations/2019_03_26_0_create_establishment_certification_attachments_table.php
#	new file:   public_html/server-base/database/migrations/2019_03_26_0_create_establishment_certification_types_table.php
#	new file:   public_html/server-base/database/migrations/2019_03_26_0_create_establishment_property_types_table.php
#	new file:   public_html/server-base/database/migrations/2019_03_26_0_create_floor_authorization_certificates_table.php
#	new file:   public_html/server-base/database/migrations/2019_03_26_0_create_genders_table.php
#	new file:   public_html/server-base/database/migrations/2019_03_26_0_create_group_types_table.php
#	new file:   public_html/server-base/database/migrations/2019_03_26_0_create_languages_table.php
#	new file:   public_html/server-base/database/migrations/2019_03_26_0_create_ruc_name_types_table.php
#	new file:   public_html/server-base/database/migrations/2019_03_26_0_create_states_table.php
#	new file:   public_html/server-base/database/migrations/2019_03_26_0_create_system_names_table.php
#	new file:   public_html/server-base/database/migrations/2019_03_26_0_create_tax_payer_types_table.php
#	new file:   public_html/server-base/database/migrations/2019_03_26_0_create_ubications_table.php
#	new file:   public_html/server-base/database/migrations/2019_03_26_0_create_worker_groups_table.php
#	new file:   public_html/server-base/database/migrations/2019_03_26_1_create_establishment_certifications_table.php
#	new file:   public_html/server-base/database/migrations/2019_03_26_1_create_person_representatives_table.php
#	new file:   public_html/server-base/database/migrations/2019_03_26_1_create_preview_register_codes_table.php
#	new file:   public_html/server-base/database/migrations/2019_03_26_1_create_rucs_table.php
#	new file:   public_html/server-base/database/migrations/2019_03_26_1_create_workers_table.php
#	new file:   public_html/server-base/database/migrations/2019_03_26_20_create_establishments_table.php
#	new file:   public_html/server-base/database/migrations/2019_03_26_21_create_establishment_pictures_table.php
#	new file:   public_html/server-base/database/migrations/2019_03_26_22_create_establishment_states_table.php
#	new file:   public_html/server-base/database/migrations/2019_03_26_2_create_person_representative_attachments_table.php
#	new file:   public_html/server-base/database/migrations/2019_03_26_30_create_group_givens_table.php
#	new file:   public_html/server-base/database/migrations/2019_03_26_999_create_establishment_establishment_certification_table.php
#	new file:   public_html/server-base/database/migrations/2019_03_26_999_create_establishment_language_table.php
#	new file:   public_html/server-base/database/migrations/2019_03_26_999_create_establishment_preview_register_code_table.php
#	new file:   public_html/server-base/database/migrations/2019_03_26_999_create_establishment_worker_table.php
#	new file:   public_html/server-base/database/migrations/2019_04_12_0_create_agreements_table.php
#	new file:   public_html/server-base/database/seeds/DatabaseSeeder.php
#	new file:   public_html/server-base/phpunit.xml
#	new file:   public_html/server-base/public/.htaccess
#	new file:   public_html/server-base/public/index.php
#	new file:   public_html/server-base/readme.md
#	new file:   public_html/server-base/resources/views/.gitkeep
#	new file:   public_html/server-base/resources/views/mail.blade.php
#	new file:   public_html/server-base/routes/web.php
#	new file:   public_html/server-base/storage/app/.gitignore
#	new file:   public_html/server-base/storage/framework/cache/.gitignore
#	new file:   public_html/server-base/storage/framework/views/.gitignore
#	new file:   public_html/server-base/storage/logs/.gitignore
#	new file:   public_html/server-base/tests/ExampleTest.php
#	new file:   public_html/server-base/tests/TestCase.php
#	new file:   public_html/server-catastro/.env
#	new file:   public_html/server-catastro/.gitignore
#	new file:   public_html/server-catastro/app/Console/Commands/.gitkeep
#	new file:   public_html/server-catastro/app/Console/Kernel.php
#	new file:   public_html/server-catastro/app/Events/Event.php
#	new file:   public_html/server-catastro/app/Events/ExampleEvent.php
#	new file:   public_html/server-catastro/app/Exceptions/Handler.php
#	new file:   public_html/server-catastro/app/Http/Controllers/CRUD/RegisterController.php
#	new file:   public_html/server-catastro/app/Http/Controllers/Controller.php
#	new file:   public_html/server-catastro/app/Http/Controllers/ExampleController.php
#	new file:   public_html/server-catastro/app/Http/Controllers/Negocio/readme.txt
#	new file:   public_html/server-catastro/app/Http/Middleware/Authenticate.php
#	new file:   public_html/server-catastro/app/Http/Middleware/ExampleMiddleware.php
#	new file:   public_html/server-catastro/app/Jobs/ExampleJob.php
#	new file:   public_html/server-catastro/app/Jobs/Job.php
#	new file:   public_html/server-catastro/app/Listeners/ExampleListener.php
#	new file:   public_html/server-catastro/app/Models/Register.php
#	new file:   public_html/server-catastro/app/Providers/AppServiceProvider.php
#	new file:   public_html/server-catastro/app/Providers/AuthServiceProvider.php
#	new file:   public_html/server-catastro/app/Providers/EventServiceProvider.php
#	new file:   public_html/server-catastro/artisan
#	new file:   public_html/server-catastro/bootstrap/app.php
#	new file:   public_html/server-catastro/composer.json
#	new file:   public_html/server-catastro/composer.lock
#	new file:   public_html/server-catastro/config/mail.php
#	new file:   public_html/server-catastro/database/factories/ModelFactory.php
#	new file:   public_html/server-catastro/database/migrations/.gitkeep
#	new file:   public_html/server-catastro/database/migrations/2019_07_24_0_create_registers_table.php
#	new file:   public_html/server-catastro/database/seeds/DatabaseSeeder.php
#	new file:   public_html/server-catastro/phpunit.xml
#	new file:   public_html/server-catastro/public/.htaccess
#	new file:   public_html/server-catastro/public/index.php
#	new file:   public_html/server-catastro/readme.md
#	new file:   public_html/server-catastro/resources/views/.gitkeep
#	new file:   public_html/server-catastro/resources/views/mail.blade.php
#	new file:   public_html/server-catastro/routes/web.php
#	new file:   public_html/server-catastro/storage/app/.gitignore
#	new file:   public_html/server-catastro/storage/framework/cache/.gitignore
#	new file:   public_html/server-catastro/storage/framework/views/.gitignore
#	new file:   public_html/server-catastro/storage/logs/.gitignore
#	new file:   public_html/server-catastro/tests/ExampleTest.php
#	new file:   public_html/server-catastro/tests/TestCase.php
#	new file:   public_html/server-consultor/.env
#	new file:   public_html/server-consultor/.gitignore
#	new file:   public_html/server-consultor/app/Console/Commands/.gitkeep
#	new file:   public_html/server-consultor/app/Console/Kernel.php
#	new file:   public_html/server-consultor/app/Events/Event.php
#	new file:   public_html/server-consultor/app/Events/ExampleEvent.php
#	new file:   public_html/server-consultor/app/Exceptions/Handler.php
#	new file:   public_html/server-consultor/app/Http/Controllers/Controller.php
#	new file:   public_html/server-consultor/app/Http/Controllers/ExampleController.php
#	new file:   public_html/server-consultor/app/Http/Controllers/Negocio/ConsultorController.php
#	new file:   public_html/server-consultor/app/Http/Controllers/Negocio/readme.txt
#	new file:   public_html/server-consultor/app/Http/Middleware/Authenticate.php
#	new file:   public_html/server-consultor/app/Http/Middleware/ExampleMiddleware.php
#	new file:   public_html/server-consultor/app/Jobs/ExampleJob.php
#	new file:   public_html/server-consultor/app/Jobs/Job.php
#	new file:   public_html/server-consultor/app/Listeners/ExampleListener.php
#	new file:   public_html/server-consultor/app/Models/readme.txt
#	new file:   public_html/server-consultor/app/Providers/AppServiceProvider.php
#	new file:   public_html/server-consultor/app/Providers/AuthServiceProvider.php
#	new file:   public_html/server-consultor/app/Providers/EventServiceProvider.php
#	new file:   public_html/server-consultor/artisan
#	new file:   public_html/server-consultor/bootstrap/app.php
#	new file:   public_html/server-consultor/composer.json
#	new file:   public_html/server-consultor/composer.lock
#	new file:   public_html/server-consultor/config/mail.php
#	new file:   public_html/server-consultor/database/factories/ModelFactory.php
#	new file:   public_html/server-consultor/database/seeds/DatabaseSeeder.php
#	new file:   public_html/server-consultor/phpunit.xml
#	new file:   public_html/server-consultor/public/.htaccess
#	new file:   public_html/server-consultor/public/index.php
#	new file:   public_html/server-consultor/readme.md
#	new file:   public_html/server-consultor/resources/views/.gitkeep
#	new file:   public_html/server-consultor/resources/views/mail.blade.php
#	new file:   public_html/server-consultor/routes/web.php
#	new file:   public_html/server-consultor/storage/app/.gitignore
#	new file:   public_html/server-consultor/storage/framework/cache/.gitignore
#	new file:   public_html/server-consultor/storage/framework/views/.gitignore
#	new file:   public_html/server-consultor/storage/logs/.gitignore
#	new file:   public_html/server-consultor/tests/ExampleTest.php
#	new file:   public_html/server-consultor/tests/TestCase.php
#	new file:   public_html/server-dinardap/.env
#	new file:   public_html/server-dinardap/.gitignore
#	new file:   public_html/server-dinardap/app/Console/Commands/.gitkeep
#	new file:   public_html/server-dinardap/app/Console/Kernel.php
#	new file:   public_html/server-dinardap/app/Events/Event.php
#	new file:   public_html/server-dinardap/app/Events/ExampleEvent.php
#	new file:   public_html/server-dinardap/app/Exceptions/Handler.php
#	new file:   public_html/server-dinardap/app/Http/Controllers/CRUD/IdentificationController.php
#	new file:   public_html/server-dinardap/app/Http/Controllers/CRUD/RucController.php
#	new file:   public_html/server-dinardap/app/Http/Controllers/CRUD/readme.txt
#	new file:   public_html/server-dinardap/app/Http/Controllers/Controller.php
#	new file:   public_html/server-dinardap/app/Http/Controllers/ExampleController.php
#	new file:   public_html/server-dinardap/app/Http/Controllers/Negocio/DinardapController.php
#	new file:   public_html/server-dinardap/app/Http/Controllers/Negocio/DinardapController.php.back
#	new file:   public_html/server-dinardap/app/Http/Controllers/Negocio/readme.txt
#	new file:   public_html/server-dinardap/app/Http/Middleware/Authenticate.php
#	new file:   public_html/server-dinardap/app/Http/Middleware/ExampleMiddleware.php
#	new file:   public_html/server-dinardap/app/Jobs/ExampleJob.php
#	new file:   public_html/server-dinardap/app/Jobs/Job.php
#	new file:   public_html/server-dinardap/app/Listeners/ExampleListener.php
#	new file:   public_html/server-dinardap/app/Models/Identification.php
#	new file:   public_html/server-dinardap/app/Models/Ruc.php
#	new file:   public_html/server-dinardap/app/Models/readme.txt
#	new file:   public_html/server-dinardap/app/Providers/AppServiceProvider.php
#	new file:   public_html/server-dinardap/app/Providers/AuthServiceProvider.php
#	new file:   public_html/server-dinardap/app/Providers/EventServiceProvider.php
#	new file:   public_html/server-dinardap/artisan
#	new file:   public_html/server-dinardap/bootstrap/app.php
#	new file:   public_html/server-dinardap/composer.json
#	new file:   public_html/server-dinardap/composer.lock
#	new file:   public_html/server-dinardap/config/mail.php
#	new file:   public_html/server-dinardap/database/factories/ModelFactory.php
#	new file:   public_html/server-dinardap/database/migrations/.gitkeep
#	new file:   public_html/server-dinardap/database/migrations/2019_06_21_0_create_identifications_table.php
#	new file:   public_html/server-dinardap/database/migrations/2019_06_21_0_create_rucs_table.php
#	new file:   public_html/server-dinardap/database/seeds/DatabaseSeeder.php
#	new file:   public_html/server-dinardap/phpunit.xml
#	new file:   public_html/server-dinardap/public/.htaccess
#	new file:   public_html/server-dinardap/public/index.php
#	new file:   public_html/server-dinardap/readme.md
#	new file:   public_html/server-dinardap/resources/views/.gitkeep
#	new file:   public_html/server-dinardap/resources/views/mail.blade.php
#	new file:   public_html/server-dinardap/routes/web.php
#	new file:   public_html/server-dinardap/storage/app/.gitignore
#	new file:   public_html/server-dinardap/storage/framework/cache/.gitignore
#	new file:   public_html/server-dinardap/storage/framework/views/.gitignore
#	new file:   public_html/server-dinardap/storage/logs/.gitignore
#	new file:   public_html/server-dinardap/tests/ExampleTest.php
#	new file:   public_html/server-dinardap/tests/TestCase.php
#	new file:   public_html/server-exporter/.env
#	new file:   public_html/server-exporter/.gitignore
#	new file:   public_html/server-exporter/app/Console/Commands/.gitkeep
#	new file:   public_html/server-exporter/app/Console/Kernel.php
#	new file:   public_html/server-exporter/app/Events/Event.php
#	new file:   public_html/server-exporter/app/Events/ExampleEvent.php
#	new file:   public_html/server-exporter/app/Exceptions/Handler.php
#	new file:   public_html/server-exporter/app/Exports/DataExporter.php
#	new file:   public_html/server-exporter/app/Http/Controllers/CRUD/DocumentController.php
#	new file:   public_html/server-exporter/app/Http/Controllers/CRUD/TemplateController.php
#	new file:   public_html/server-exporter/app/Http/Controllers/CRUD/readme.txt
#	new file:   public_html/server-exporter/app/Http/Controllers/Controller.php
#	new file:   public_html/server-exporter/app/Http/Controllers/ExampleController.php
#	new file:   public_html/server-exporter/app/Http/Controllers/Negocio/ExporterController.php
#	new file:   public_html/server-exporter/app/Http/Controllers/Negocio/readme.txt
#	new file:   public_html/server-exporter/app/Http/Middleware/Authenticate.php
#	new file:   public_html/server-exporter/app/Http/Middleware/ExampleMiddleware.php
#	new file:   public_html/server-exporter/app/Jobs/ExampleJob.php
#	new file:   public_html/server-exporter/app/Jobs/Job.php
#	new file:   public_html/server-exporter/app/Listeners/ExampleListener.php
#	new file:   public_html/server-exporter/app/Models/Document.php
#	new file:   public_html/server-exporter/app/Models/Template.php
#	new file:   public_html/server-exporter/app/Models/readme.txt
#	new file:   public_html/server-exporter/app/Providers/AppServiceProvider.php
#	new file:   public_html/server-exporter/app/Providers/AuthServiceProvider.php
#	new file:   public_html/server-exporter/app/Providers/EventServiceProvider.php
#	new file:   public_html/server-exporter/artisan
#	new file:   public_html/server-exporter/bootstrap/app.php
#	new file:   public_html/server-exporter/composer.json
#	new file:   public_html/server-exporter/composer.lock
#	new file:   public_html/server-exporter/config/dompdf.php
#	new file:   public_html/server-exporter/config/flysystem.php
#	new file:   public_html/server-exporter/config/mail.php
#	new file:   public_html/server-exporter/database/factories/ModelFactory.php
#	new file:   public_html/server-exporter/database/migrations/.gitkeep
#	new file:   public_html/server-exporter/database/migrations/2019_07_16_0_create_documents_table.php
#	new file:   public_html/server-exporter/database/migrations/2019_07_16_0_create_templates_table.php
#	new file:   public_html/server-exporter/database/seeds/DatabaseSeeder.php
#	new file:   public_html/server-exporter/phpunit.xml
#	new file:   public_html/server-exporter/public/.htaccess
#	new file:   public_html/server-exporter/public/index.php
#	new file:   public_html/server-exporter/readme.md
#	new file:   public_html/server-exporter/resources/views/.gitkeep
#	new file:   public_html/server-exporter/resources/views/mail.blade.php
#	new file:   public_html/server-exporter/routes/web.php
#	new file:   public_html/server-exporter/storage/app/.gitignore
#	new file:   public_html/server-exporter/storage/framework/cache/.gitignore
#	new file:   public_html/server-exporter/storage/framework/views/.gitignore
#	new file:   public_html/server-exporter/storage/logs/.gitignore
#	new file:   public_html/server-exporter/tests/ExampleTest.php
#	new file:   public_html/server-exporter/tests/TestCase.php
#	new file:   public_html/server-financiero/.env
#	new file:   public_html/server-financiero/.gitignore
#	new file:   public_html/server-financiero/app/Console/Commands/.gitkeep
#	new file:   public_html/server-financiero/app/Console/Kernel.php
#	new file:   public_html/server-financiero/app/Events/Event.php
#	new file:   public_html/server-financiero/app/Events/ExampleEvent.php
#	new file:   public_html/server-financiero/app/Exceptions/Handler.php
#	new file:   public_html/server-financiero/app/Http/Controllers/CRUD/DeclarationAttachmentController.php
#	new file:   public_html/server-financiero/app/Http/Controllers/CRUD/DeclarationController.php
#	new file:   public_html/server-financiero/app/Http/Controllers/CRUD/DeclarationItemCategoryController.php
#	new file:   public_html/server-financiero/app/Http/Controllers/CRUD/DeclarationItemController.php
#	new file:   public_html/server-financiero/app/Http/Controllers/CRUD/DeclarationItemValueController.php
#	new file:   public_html/server-financiero/app/Http/Controllers/CRUD/LogController.php
#	new file:   public_html/server-financiero/app/Http/Controllers/CRUD/PayAttachmentController.php
#	new file:   public_html/server-financiero/app/Http/Controllers/CRUD/PayController.php
#	new file:   public_html/server-financiero/app/Http/Controllers/CRUD/PayMassFileAttachmentController.php
#	new file:   public_html/server-financiero/app/Http/Controllers/CRUD/PayTaxController.php
#	new file:   public_html/server-financiero/app/Http/Controllers/CRUD/StateController.php
#	new file:   public_html/server-financiero/app/Http/Controllers/CRUD/StateDeclarationController.php
#	new file:   public_html/server-financiero/app/Http/Controllers/CRUD/readme.txt
#	new file:   public_html/server-financiero/app/Http/Controllers/Controller.php
#	new file:   public_html/server-financiero/app/Http/Controllers/ExampleController.php
#	new file:   public_html/server-financiero/app/Http/Controllers/Negocio/readme.txt
#	new file:   public_html/server-financiero/app/Http/Middleware/Authenticate.php
#	new file:   public_html/server-financiero/app/Http/Middleware/ExampleMiddleware.php
#	new file:   public_html/server-financiero/app/Jobs/ExampleJob.php
#	new file:   public_html/server-financiero/app/Jobs/Job.php
#	new file:   public_html/server-financiero/app/Listeners/ExampleListener.php
#	new file:   public_html/server-financiero/app/Models/Declaration.php
#	new file:   public_html/server-financiero/app/Models/DeclarationAttachment.php
#	new file:   public_html/server-financiero/app/Models/DeclarationItem.php
#	new file:   public_html/server-financiero/app/Models/DeclarationItemCategory.php
#	new file:   public_html/server-financiero/app/Models/DeclarationItemValue.php
#	new file:   public_html/server-financiero/app/Models/Log.php
#	new file:   public_html/server-financiero/app/Models/Pay.php
#	new file:   public_html/server-financiero/app/Models/PayAttachment.php
#	new file:   public_html/server-financiero/app/Models/PayMassFileAttachment.php
#	new file:   public_html/server-financiero/app/Models/PayTax.php
#	new file:   public_html/server-financiero/app/Models/State.php
#	new file:   public_html/server-financiero/app/Models/StateDeclaration.php
#	new file:   public_html/server-financiero/app/Models/readme.txt
#	new file:   public_html/server-financiero/app/Providers/AppServiceProvider.php
#	new file:   public_html/server-financiero/app/Providers/AuthServiceProvider.php
#	new file:   public_html/server-financiero/app/Providers/EventServiceProvider.php
#	new file:   public_html/server-financiero/artisan
#	new file:   public_html/server-financiero/bootstrap/app.php
#	new file:   public_html/server-financiero/composer.json
#	new file:   public_html/server-financiero/composer.lock
#	new file:   public_html/server-financiero/config/mail.php
#	new file:   public_html/server-financiero/database/factories/ModelFactory.php
#	new file:   public_html/server-financiero/database/migrations/.gitkeep
#	new file:   public_html/server-financiero/database/migrations/2019_01_01_1_create_logs_table.php
#	new file:   public_html/server-financiero/database/migrations/2019_04_23_0_create_declaration_item_categories_table.php
#	new file:   public_html/server-financiero/database/migrations/2019_04_23_0_create_declarations_table.php
#	new file:   public_html/server-financiero/database/migrations/2019_04_23_0_create_pay_mass_file_attachments_table.php
#	new file:   public_html/server-financiero/database/migrations/2019_04_23_0_create_states_table.php
#	new file:   public_html/server-financiero/database/migrations/2019_04_23_1_create_declaration_attachments_table.php
#	new file:   public_html/server-financiero/database/migrations/2019_04_23_1_create_declaration_items_table.php
#	new file:   public_html/server-financiero/database/migrations/2019_04_23_1_create_pays_table.php
#	new file:   public_html/server-financiero/database/migrations/2019_04_23_1_create_state_declarations_table.php
#	new file:   public_html/server-financiero/database/migrations/2019_04_23_2_create_declaration_item_values_table.php
#	new file:   public_html/server-financiero/database/migrations/2019_04_23_2_create_pay_attachments_table.php
#	new file:   public_html/server-financiero/database/migrations/2019_04_23_999_create_declaration_declaration_item_value_table.php
#	new file:   public_html/server-financiero/database/migrations/2019_08_06_0_create_pay_taxes_table.php
#	new file:   public_html/server-financiero/database/seeds/DatabaseSeeder.php
#	new file:   public_html/server-financiero/phpunit.xml
#	new file:   public_html/server-financiero/public/.htaccess
#	new file:   public_html/server-financiero/public/index.php
#	new file:   public_html/server-financiero/readme.md
#	new file:   public_html/server-financiero/resources/views/.gitkeep
#	new file:   public_html/server-financiero/resources/views/mail.blade.php
#	new file:   public_html/server-financiero/routes/web.php
#	new file:   public_html/server-financiero/storage/app/.gitignore
#	new file:   public_html/server-financiero/storage/framework/cache/.gitignore
#	new file:   public_html/server-financiero/storage/framework/views/.gitignore
#	new file:   public_html/server-financiero/storage/logs/.gitignore
#	new file:   public_html/server-financiero/tests/ExampleTest.php
#	new file:   public_html/server-financiero/tests/TestCase.php
#	new file:   public_html/server-mailer/.env
#	new file:   public_html/server-mailer/.gitignore
#	new file:   public_html/server-mailer/app/Console/Commands/.gitkeep
#	new file:   public_html/server-mailer/app/Console/Kernel.php
#	new file:   public_html/server-mailer/app/Events/Event.php
#	new file:   public_html/server-mailer/app/Events/ExampleEvent.php
#	new file:   public_html/server-mailer/app/Exceptions/Handler.php
#	new file:   public_html/server-mailer/app/Http/Controllers/Controller.php
#	new file:   public_html/server-mailer/app/Http/Controllers/ExampleController.php
#	new file:   public_html/server-mailer/app/Http/Controllers/Negocio/MailerController.php
#	new file:   public_html/server-mailer/app/Http/Controllers/Negocio/readme.txt
#	new file:   public_html/server-mailer/app/Http/Middleware/Authenticate.php
#	new file:   public_html/server-mailer/app/Http/Middleware/ExampleMiddleware.php
#	new file:   public_html/server-mailer/app/Jobs/ExampleJob.php
#	new file:   public_html/server-mailer/app/Jobs/Job.php
#	new file:   public_html/server-mailer/app/Listeners/ExampleListener.php
#	new file:   public_html/server-mailer/app/Providers/AppServiceProvider.php
#	new file:   public_html/server-mailer/app/Providers/AuthServiceProvider.php
#	new file:   public_html/server-mailer/app/Providers/EventServiceProvider.php
#	new file:   public_html/server-mailer/artisan
#	new file:   public_html/server-mailer/bootstrap/app.php
#	new file:   public_html/server-mailer/composer.json
#	new file:   public_html/server-mailer/composer.lock
#	new file:   public_html/server-mailer/config/mail.php
#	new file:   public_html/server-mailer/database/factories/ModelFactory.php
#	new file:   public_html/server-mailer/database/seeds/DatabaseSeeder.php
#	new file:   public_html/server-mailer/phpunit.xml
#	new file:   public_html/server-mailer/public/.htaccess
#	new file:   public_html/server-mailer/public/index.php
#	new file:   public_html/server-mailer/readme.md
#	new file:   public_html/server-mailer/resources/views/.gitkeep
#	new file:   public_html/server-mailer/resources/views/asignacion.blade.php
#	new file:   public_html/server-mailer/resources/views/ataque.blade.php
#	new file:   public_html/server-mailer/resources/views/desasignacion.blade.php
#	new file:   public_html/server-mailer/resources/views/entregar_documentos.blade.php
#	new file:   public_html/server-mailer/resources/views/fin_tramite_cz.blade.php
#	new file:   public_html/server-mailer/resources/views/mail.blade.php
#	new file:   public_html/server-mailer/resources/views/pago.blade.php
#	new file:   public_html/server-mailer/resources/views/prorroga.blade.php
#	new file:   public_html/server-mailer/resources/views/rechazo_informe_tz.blade.php
#	new file:   public_html/server-mailer/routes/web.php
#	new file:   public_html/server-mailer/storage/app/.gitignore
#	new file:   public_html/server-mailer/storage/framework/cache/.gitignore
#	new file:   public_html/server-mailer/storage/framework/views/.gitignore
#	new file:   public_html/server-mailer/storage/logs/.gitignore
#	new file:   public_html/server-mailer/tests/ExampleTest.php
#	new file:   public_html/server-mailer/tests/TestCase.php
#
